<?xml version="1.0" encoding="UTF-8"?>
<testsuite name="br.com.pottencial.domain.entity.SalesmanTest" tests="2" skipped="0" failures="0" errors="0" timestamp="2022-11-09T18:51:48" hostname="thiago" time="0.019">
  <properties/>
  <testcase name="givenAValidParams_whenCreateASalesman_thenReturnASalesmanCreated()" classname="br.com.pottencial.domain.entity.SalesmanTest" time="0.017"/>
  <testcase name="givenAnInvalidNullName_whenCallCreateSalesman_thenThrowDomainException()" classname="br.com.pottencial.domain.entity.SalesmanTest" time="0.002"/>
  <system-out><![CDATA[]]></system-out>
  <system-err><![CDATA[]]></system-err>
</testsuite>
