<?xml version="1.0" encoding="UTF-8"?>
<testsuite name="br.com.pottencial.domain.entity.SalesmanTest" tests="4" skipped="0" failures="0" errors="0" timestamp="2022-11-09T19:00:53" hostname="thiago" time="0.024">
  <properties/>
  <testcase name="givenAValidParams_whenCreateASalesman_thenReturnASalesmanCreated()" classname="br.com.pottencial.domain.entity.SalesmanTest" time="0.017"/>
  <testcase name="givenAnInvalidEmptyName_whenCallCreateSalesman_thenThrowDomainException()" classname="br.com.pottencial.domain.entity.SalesmanTest" time="0.002"/>
  <testcase name="givenAnInvalidNullName_whenCallCreateSalesman_thenThrowDomainException()" classname="br.com.pottencial.domain.entity.SalesmanTest" time="0.001"/>
  <testcase name="givenAnInvalidNullCPF_whenCallCreateSalesman_thenThrowDomainException()" classname="br.com.pottencial.domain.entity.SalesmanTest" time="0.002"/>
  <system-out><![CDATA[]]></system-out>
  <system-err><![CDATA[]]></system-err>
</testsuite>
